<?xml version="1.0" encoding="UTF-8"?>
<!-- Generated by org.testng.reporters.JUnitXMLReporter -->
<testsuite hostname="DESKTOP-MCLVAPU" ignored="4" tests="1" failures="0" timestamp="30 Aug 2021 13:57:43 GMT" time="15.686" errors="0">
  <testcase name="@BeforeMethod loadLevel" time="13.905" classname="GamePlayTest">
    <failure type="ro.altom.altunitytester.altUnityTesterExceptions.WaitTimeOutException" message="Element //UICamera/Loadout/CharZone/CharName still not found after 10.0 seconds">
      <![CDATA[ro.altom.altunitytester.altUnityTesterExceptions.WaitTimeOutException: Element //UICamera/Loadout/CharZone/CharName still not found after 10.0 seconds
at ro.altom.altunitytester.Commands.FindObject.AltWaitForObject.Execute(AltWaitForObject.java:42)
at ro.altom.altunitytester.AltUnityDriver.waitForObject(AltUnityDriver.java:498)
at pages.MainMenuPage.setCharacterName(MainMenuPage.java:56)
at GamePlayTest.loadLevel(GamePlayTest.java:30)
at java.util.concurrent.FutureTask.run(FutureTask.java:266)
at java.util.concurrent.ThreadPoolExecutor.runWorker(ThreadPoolExecutor.java:1149)
at java.util.concurrent.ThreadPoolExecutor$Worker.run(ThreadPoolExecutor.java:624)
at java.lang.Thread.run(Thread.java:748)
... Removed 19 stack frames]]>
    </failure>
  </testcase> <!-- @BeforeMethod loadLevel -->
  <testcase name="testGamePlayDisplayedCorrectly" time="0.0" classname="GamePlayTest">
    <skipped/>
  </testcase> <!-- testGamePlayDisplayedCorrectly -->
  <testcase name="testAvoidingObstacles" time="0.0" classname="GamePlayTest">
    <ignored/>
  </testcase> <!-- testAvoidingObstacles -->
  <testcase name="testGameCanBePausedAndResumed" time="0.0" classname="GamePlayTest">
    <ignored/>
  </testcase> <!-- testGameCanBePausedAndResumed -->
  <testcase name="testGameCanBePausedAndStopped" time="0.0" classname="GamePlayTest">
    <ignored/>
  </testcase> <!-- testGameCanBePausedAndStopped -->
  <testcase name="testPlayerDiesWhenObstacleNotAvoided" time="0.0" classname="GamePlayTest">
    <ignored/>
  </testcase> <!-- testPlayerDiesWhenObstacleNotAvoided -->
</testsuite>
