<?xml version="1.0" encoding="UTF-8"?>
<!-- Generated by org.testng.reporters.JUnitXMLReporter -->
<testsuite hostname="DESKTOP-MCLVAPU" ignored="0" tests="1" failures="1" timestamp="30 Aug 2021 23:15:31 GMT" time="12.219" errors="0">
  <testcase name="TestMainPageLoadedCorrectly" time="10.468" classname="MainMenuTest">
    <failure type="ro.altom.altunitytester.altUnityTesterExceptions.WaitTimeOutException" message="Element //UICamera/Loadout/CharZone/CharName still not found after 10.0 seconds">
      <![CDATA[ro.altom.altunitytester.altUnityTesterExceptions.WaitTimeOutException: Element //UICamera/Loadout/CharZone/CharName still not found after 10.0 seconds
at ro.altom.altunitytester.Commands.FindObject.AltWaitForObject.Execute(AltWaitForObject.java:42)
at ro.altom.altunitytester.AltUnityDriver.waitForObject(AltUnityDriver.java:498)
at pages.MainMenuPage.setCharacterName(MainMenuPage.java:56)
at MainMenuTest.TestMainPageLoadedCorrectly(MainMenuTest.java:37)
at java.util.concurrent.FutureTask.run(FutureTask.java:266)
at java.util.concurrent.ThreadPoolExecutor.runWorker(ThreadPoolExecutor.java:1149)
at java.util.concurrent.ThreadPoolExecutor$Worker.run(ThreadPoolExecutor.java:624)
at java.lang.Thread.run(Thread.java:748)
... Removed 16 stack frames]]>
    </failure>
  </testcase> <!-- TestMainPageLoadedCorrectly -->
</testsuite>
