<?xml version="1.0" encoding="UTF-8"?>
<testng-results skipped="0" failed="1" ignored="0" total="4" passed="3">
  <reporter-output>
  </reporter-output>
  <suite name="Web Suite" duration-ms="795142" started-at="2021-09-04T12:24:36 EET" finished-at="2021-09-04T12:37:51 EET">
    <groups>
    </groups>
    <test name="ZulaTest" duration-ms="795142" started-at="2021-09-04T12:24:36 EET" finished-at="2021-09-04T12:37:51 EET">
      <class name="tests.ZulaTest">
        <test-method status="PASS" signature="attachReport()[pri:0, instance:tests.ZulaTest@49993335]" name="attachReport" is-config="true" duration-ms="308" started-at="2021-09-04T12:24:35 EET" finished-at="2021-09-04T12:24:36 EET">
          <reporter-output>
          </reporter-output>
        </test-method> <!-- attachReport -->
        <test-method status="PASS" signature="setup()[pri:0, instance:tests.ZulaTest@49993335]" name="setup" is-config="true" duration-ms="33429" started-at="2021-09-04T12:24:36 EET" finished-at="2021-09-04T12:25:09 EET">
          <reporter-output>
          </reporter-output>
        </test-method> <!-- setup -->
        <test-method status="PASS" signature="beforeMethod(java.lang.reflect.Method)[pri:0, instance:tests.ZulaTest@49993335]" name="beforeMethod" is-config="true" duration-ms="16" started-at="2021-09-04T12:25:09 EET" finished-at="2021-09-04T12:25:09 EET">
          <params>
            <param index="0">
              <value>
                <![CDATA[public void tests.ZulaTest.testMainPageLoadedCorrectly() throws java.lang.InterruptedException]]>
              </value>
            </param>
          </params>
          <reporter-output>
          </reporter-output>
        </test-method> <!-- beforeMethod -->
        <test-method status="PASS" signature="ZulaTestObject()[pri:0, instance:tests.ZulaTest@49993335]" name="ZulaTestObject" is-config="true" duration-ms="6" started-at="2021-09-04T12:25:09 EET" finished-at="2021-09-04T12:25:09 EET">
          <reporter-output>
          </reporter-output>
        </test-method> <!-- ZulaTestObject -->
        <test-method status="PASS" signature="testMainPageLoadedCorrectly()[pri:0, instance:tests.ZulaTest@49993335]" name="testMainPageLoadedCorrectly" duration-ms="7339" started-at="2021-09-04T12:25:09 EET" finished-at="2021-09-04T12:25:16 EET">
          <reporter-output>
          </reporter-output>
        </test-method> <!-- testMainPageLoadedCorrectly -->
        <test-method status="PASS" signature="tearDown(org.testng.ITestResult)[pri:0, instance:tests.ZulaTest@49993335]" name="tearDown" is-config="true" duration-ms="0" started-at="2021-09-04T12:25:16 EET" finished-at="2021-09-04T12:25:16 EET">
          <params>
            <param index="0">
              <value>
                <![CDATA[[TestResult name=testMainPageLoadedCorrectly status=SUCCESS method=ZulaTest.testMainPageLoadedCorrectly()[pri:0, instance:tests.ZulaTest@49993335] output={null}]]]>
              </value>
            </param>
          </params>
          <reporter-output>
          </reporter-output>
        </test-method> <!-- tearDown -->
        <test-method status="PASS" signature="beforeMethod(java.lang.reflect.Method)[pri:0, instance:tests.ZulaTest@49993335]" name="beforeMethod" is-config="true" duration-ms="1" started-at="2021-09-04T12:25:16 EET" finished-at="2021-09-04T12:25:16 EET">
          <params>
            <param index="0">
              <value>
                <![CDATA[public void tests.ZulaTest.controlOffers() throws java.lang.InterruptedException]]>
              </value>
            </param>
          </params>
          <reporter-output>
          </reporter-output>
        </test-method> <!-- beforeMethod -->
        <test-method status="PASS" signature="controlOffers()[pri:1, instance:tests.ZulaTest@49993335]" name="controlOffers" duration-ms="7835" started-at="2021-09-04T12:25:16 EET" finished-at="2021-09-04T12:25:24 EET">
          <reporter-output>
          </reporter-output>
        </test-method> <!-- controlOffers -->
        <test-method status="PASS" signature="ZulaTestObject()[pri:0, instance:tests.ZulaTest@49993335]" name="ZulaTestObject" is-config="true" duration-ms="0" started-at="2021-09-04T12:25:16 EET" finished-at="2021-09-04T12:25:16 EET">
          <reporter-output>
          </reporter-output>
        </test-method> <!-- ZulaTestObject -->
        <test-method status="PASS" signature="tearDown(org.testng.ITestResult)[pri:0, instance:tests.ZulaTest@49993335]" name="tearDown" is-config="true" duration-ms="1" started-at="2021-09-04T12:25:24 EET" finished-at="2021-09-04T12:25:24 EET">
          <params>
            <param index="0">
              <value>
                <![CDATA[[TestResult name=controlOffers status=SUCCESS method=ZulaTest.controlOffers()[pri:1, instance:tests.ZulaTest@49993335] output={null}]]]>
              </value>
            </param>
          </params>
          <reporter-output>
          </reporter-output>
        </test-method> <!-- tearDown -->
        <test-method status="PASS" signature="beforeMethod(java.lang.reflect.Method)[pri:0, instance:tests.ZulaTest@49993335]" name="beforeMethod" is-config="true" duration-ms="2" started-at="2021-09-04T12:25:24 EET" finished-at="2021-09-04T12:25:24 EET">
          <params>
            <param index="0">
              <value>
                <![CDATA[public void tests.ZulaTest.controlGoldPrices() throws java.lang.InterruptedException]]>
              </value>
            </param>
          </params>
          <reporter-output>
          </reporter-output>
        </test-method> <!-- beforeMethod -->
        <test-method status="PASS" signature="ZulaTestObject()[pri:0, instance:tests.ZulaTest@49993335]" name="ZulaTestObject" is-config="true" duration-ms="0" started-at="2021-09-04T12:25:24 EET" finished-at="2021-09-04T12:25:24 EET">
          <reporter-output>
          </reporter-output>
        </test-method> <!-- ZulaTestObject -->
        <test-method status="PASS" signature="controlGoldPrices()[pri:2, instance:tests.ZulaTest@49993335]" name="controlGoldPrices" duration-ms="6588" started-at="2021-09-04T12:25:24 EET" finished-at="2021-09-04T12:25:31 EET">
          <reporter-output>
          </reporter-output>
        </test-method> <!-- controlGoldPrices -->
        <test-method status="PASS" signature="tearDown(org.testng.ITestResult)[pri:0, instance:tests.ZulaTest@49993335]" name="tearDown" is-config="true" duration-ms="1" started-at="2021-09-04T12:25:31 EET" finished-at="2021-09-04T12:25:31 EET">
          <params>
            <param index="0">
              <value>
                <![CDATA[[TestResult name=controlGoldPrices status=SUCCESS method=ZulaTest.controlGoldPrices()[pri:2, instance:tests.ZulaTest@49993335] output={null}]]]>
              </value>
            </param>
          </params>
          <reporter-output>
          </reporter-output>
        </test-method> <!-- tearDown -->
        <test-method status="PASS" signature="beforeMethod(java.lang.reflect.Method)[pri:0, instance:tests.ZulaTest@49993335]" name="beforeMethod" is-config="true" duration-ms="1" started-at="2021-09-04T12:25:31 EET" finished-at="2021-09-04T12:25:31 EET">
          <params>
            <param index="0">
              <value>
                <![CDATA[public void tests.ZulaTest.gamePlayTest() throws java.lang.InterruptedException]]>
              </value>
            </param>
          </params>
          <reporter-output>
          </reporter-output>
        </test-method> <!-- beforeMethod -->
        <test-method status="FAIL" signature="gamePlayTest()[pri:3, instance:tests.ZulaTest@49993335]" name="gamePlayTest" duration-ms="739742" started-at="2021-09-04T12:25:31 EET" finished-at="2021-09-04T12:37:51 EET">
          <exception class="ro.altom.altunitytester.altUnityTesterExceptions.WaitTimeOutException">
            <message>
              <![CDATA[Element //EventCanvas(Clone)/ScoreBoardHUDTeamView(Clone)/SafeArea/GameMode/Mode still not found after 10.0 seconds]]>
            </message>
            <full-stacktrace>
              <![CDATA[ro.altom.altunitytester.altUnityTesterExceptions.WaitTimeOutException: Element //EventCanvas(Clone)/ScoreBoardHUDTeamView(Clone)/SafeArea/GameMode/Mode still not found after 10.0 seconds
at ro.altom.altunitytester.Commands.FindObject.AltWaitForObject.Execute(AltWaitForObject.java:42)
at ro.altom.altunitytester.AltUnityDriver.waitForObject(AltUnityDriver.java:498)
at pages.ZulaMatchResultPage.setGameModeText(ZulaMatchResultPage.java:33)
at tests.ZulaTest.gamePlayTest(ZulaTest.java:101)
at sun.reflect.NativeMethodAccessorImpl.invoke0(Native Method)
at sun.reflect.NativeMethodAccessorImpl.invoke(NativeMethodAccessorImpl.java:62)
at sun.reflect.DelegatingMethodAccessorImpl.invoke(DelegatingMethodAccessorImpl.java:43)
at java.lang.reflect.Method.invoke(Method.java:498)
at org.testng.internal.MethodInvocationHelper.invokeMethod(MethodInvocationHelper.java:133)
at org.testng.internal.TestInvoker.invokeMethod(TestInvoker.java:598)
at org.testng.internal.TestInvoker.invokeTestMethod(TestInvoker.java:173)
at org.testng.internal.MethodRunner.runInSequence(MethodRunner.java:46)
at org.testng.internal.TestInvoker$MethodInvocationAgent.invoke(TestInvoker.java:824)
at org.testng.internal.TestInvoker.invokeTestMethods(TestInvoker.java:146)
at org.testng.internal.TestMethodWorker.invokeTestMethods(TestMethodWorker.java:146)
at org.testng.internal.TestMethodWorker.run(TestMethodWorker.java:128)
at java.util.ArrayList.forEach(ArrayList.java:1257)
at org.testng.TestRunner.privateRun(TestRunner.java:794)
at org.testng.TestRunner.run(TestRunner.java:596)
at org.testng.SuiteRunner.runTest(SuiteRunner.java:377)
at org.testng.SuiteRunner.access$000(SuiteRunner.java:28)
at org.testng.SuiteRunner$SuiteWorker.run(SuiteRunner.java:418)
at org.testng.internal.thread.ThreadUtil.lambda$execute$0(ThreadUtil.java:64)
at java.util.concurrent.FutureTask.run(FutureTask.java:266)
at java.util.concurrent.ThreadPoolExecutor.runWorker(ThreadPoolExecutor.java:1149)
at java.util.concurrent.ThreadPoolExecutor$Worker.run(ThreadPoolExecutor.java:624)
at java.lang.Thread.run(Thread.java:748)
]]>
            </full-stacktrace>
          </exception> <!-- ro.altom.altunitytester.altUnityTesterExceptions.WaitTimeOutException -->
          <reporter-output>
          </reporter-output>
        </test-method> <!-- gamePlayTest -->
        <test-method status="PASS" signature="ZulaTestObject()[pri:0, instance:tests.ZulaTest@49993335]" name="ZulaTestObject" is-config="true" duration-ms="0" started-at="2021-09-04T12:25:31 EET" finished-at="2021-09-04T12:25:31 EET">
          <reporter-output>
          </reporter-output>
        </test-method> <!-- ZulaTestObject -->
        <test-method status="FAIL" signature="tearDown(org.testng.ITestResult)[pri:0, instance:tests.ZulaTest@49993335]" name="tearDown" is-config="true" duration-ms="3" started-at="2021-09-04T12:37:51 EET" finished-at="2021-09-04T12:37:51 EET">
          <params>
            <param index="0">
              <value>
                <![CDATA[[TestResult name=gamePlayTest status=FAILURE method=ZulaTest.gamePlayTest()[pri:3, instance:tests.ZulaTest@49993335] output={null}]]]>
              </value>
            </param>
          </params>
          <exception class="ro.altom.altunitytester.altUnityTesterExceptions.ConnectionException">
            <message>
              <![CDATA[java.net.SocketException: Connection reset]]>
            </message>
            <full-stacktrace>
              <![CDATA[ro.altom.altunitytester.altUnityTesterExceptions.ConnectionException: java.net.SocketException: Connection reset
at ro.altom.altunitytester.Commands.AltBaseCommand.recvall(AltBaseCommand.java:35)
at ro.altom.altunitytester.Commands.GetPNGScreenshotCommand.Execute(GetPNGScreenshotCommand.java:26)
at ro.altom.altunitytester.AltUnityDriver.getPNGScreeshot(AltUnityDriver.java:540)
at utilities.ExtentReportUtilities.testScreenshot(ExtentReportUtilities.java:16)
at utilities.BaseTest.tearDown(BaseTest.java:85)
at sun.reflect.NativeMethodAccessorImpl.invoke0(Native Method)
at sun.reflect.NativeMethodAccessorImpl.invoke(NativeMethodAccessorImpl.java:62)
at sun.reflect.DelegatingMethodAccessorImpl.invoke(DelegatingMethodAccessorImpl.java:43)
at java.lang.reflect.Method.invoke(Method.java:498)
at org.testng.internal.MethodInvocationHelper.invokeMethod(MethodInvocationHelper.java:133)
at org.testng.internal.MethodInvocationHelper.invokeMethodConsideringTimeout(MethodInvocationHelper.java:62)
at org.testng.internal.ConfigInvoker.invokeConfigurationMethod(ConfigInvoker.java:385)
at org.testng.internal.ConfigInvoker.invokeConfigurations(ConfigInvoker.java:321)
at org.testng.internal.TestInvoker.runConfigMethods(TestInvoker.java:700)
at org.testng.internal.TestInvoker.runAfterGroupsConfigurations(TestInvoker.java:676)
at org.testng.internal.TestInvoker.invokeMethod(TestInvoker.java:660)
at org.testng.internal.TestInvoker.invokeTestMethod(TestInvoker.java:173)
at org.testng.internal.MethodRunner.runInSequence(MethodRunner.java:46)
at org.testng.internal.TestInvoker$MethodInvocationAgent.invoke(TestInvoker.java:824)
at org.testng.internal.TestInvoker.invokeTestMethods(TestInvoker.java:146)
at org.testng.internal.TestMethodWorker.invokeTestMethods(TestMethodWorker.java:146)
at org.testng.internal.TestMethodWorker.run(TestMethodWorker.java:128)
at java.util.ArrayList.forEach(ArrayList.java:1257)
at org.testng.TestRunner.privateRun(TestRunner.java:794)
at org.testng.TestRunner.run(TestRunner.java:596)
at org.testng.SuiteRunner.runTest(SuiteRunner.java:377)
at org.testng.SuiteRunner.access$000(SuiteRunner.java:28)
at org.testng.SuiteRunner$SuiteWorker.run(SuiteRunner.java:418)
at org.testng.internal.thread.ThreadUtil.lambda$execute$0(ThreadUtil.java:64)
at java.util.concurrent.FutureTask.run(FutureTask.java:266)
at java.util.concurrent.ThreadPoolExecutor.runWorker(ThreadPoolExecutor.java:1149)
at java.util.concurrent.ThreadPoolExecutor$Worker.run(ThreadPoolExecutor.java:624)
at java.lang.Thread.run(Thread.java:748)
Caused by: java.net.SocketException: Connection reset
at java.net.SocketInputStream.read(SocketInputStream.java:154)
at java.net.SocketInputStream.read(SocketInputStream.java:141)
at java.io.DataInputStream.read(DataInputStream.java:100)
at ro.altom.altunitytester.Commands.AltBaseCommand.recvall(AltBaseCommand.java:33)
... 32 more
]]>
            </full-stacktrace>
          </exception> <!-- ro.altom.altunitytester.altUnityTesterExceptions.ConnectionException -->
          <reporter-output>
          </reporter-output>
        </test-method> <!-- tearDown -->
        <test-method status="PASS" signature="afterClass()[pri:0, instance:tests.ZulaTest@49993335]" name="afterClass" is-config="true" duration-ms="119" started-at="2021-09-04T12:37:51 EET" finished-at="2021-09-04T12:37:51 EET">
          <reporter-output>
          </reporter-output>
        </test-method> <!-- afterClass -->
        <test-method status="PASS" signature="afterSuite()[pri:0, instance:tests.ZulaTest@49993335]" name="afterSuite" is-config="true" duration-ms="520" started-at="2021-09-04T12:37:51 EET" finished-at="2021-09-04T12:37:51 EET">
          <reporter-output>
          </reporter-output>
        </test-method> <!-- afterSuite -->
      </class> <!-- tests.ZulaTest -->
    </test> <!-- ZulaTest -->
  </suite> <!-- Web Suite -->
</testng-results>
