<?xml version="1.0" encoding="UTF-8"?>
<!-- Generated by org.testng.reporters.JUnitReportReporter -->
<testsuite skipped="1" hostname="DESKTOP-MCLVAPU" name="StartPageTest" tests="2" failures="0" timestamp="30 Aug 2021 23:21:04 GMT" time="0.079" errors="1">
  <testcase name="testStartButtonLoadMainMenu" time="0.000" classname="StartPageTest">
    <skipped/>
  </testcase> <!-- testStartButtonLoadMainMenu -->
  <testcase name="loadLevel" time="0.079" classname="StartPageTest">
    <error type="ro.altom.altunitytester.altUnityTesterExceptions.NullReferenceException" message="error:nullReferenceException
Object reference not set to an instance of an object.
  at Assets.AltUnityTester.AltUnityServer.Commands.AltUnityLoadSceneCommand.Execute () [0x00000] in &lt;00000000000000000000000000000000&gt;:0 
  at System.Func`1[TResult].Invoke () [0x00000] in &lt;00000000000000000000000000000000&gt;:0 
  at Assets.AltUnityTester.AltUnityServer.Commands.AltUnityCommand.ExecuteHandleErrors (System.Func`1[TResult] action) [0x00000] in &lt;00000000000000000000000000000000&gt;:0 
  at AltUnityRunner+&lt;&gt;c__DisplayClass30_0.&lt;ClientSocketHandlerDidReadMessage&gt;b__0 () [0x00000] in &lt;00000000000000000000000000000000&gt;:0 
  at Assets.AltUnityTester.AltUnityServer.AltSocket.SendResponse.Invoke () [0x00000] in &lt;00000000000000000000000000000000&gt;:0 
  at Assets.AltUnityTester.AltUnityServer.AltSocket.AltResponseQueue.Cycle () [0x00000] in &lt;00000000000000000000000000000000&gt;:0 ">
      <![CDATA[ro.altom.altunitytester.altUnityTesterExceptions.NullReferenceException: error:nullReferenceException
Object reference not set to an instance of an object.
  at Assets.AltUnityTester.AltUnityServer.Commands.AltUnityLoadSceneCommand.Execute () [0x00000] in <00000000000000000000000000000000>:0 
  at System.Func`1[TResult].Invoke () [0x00000] in <00000000000000000000000000000000>:0 
  at Assets.AltUnityTester.AltUnityServer.Commands.AltUnityCommand.ExecuteHandleErrors (System.Func`1[TResult] action) [0x00000] in <00000000000000000000000000000000>:0 
  at AltUnityRunner+<>c__DisplayClass30_0.<ClientSocketHandlerDidReadMessage>b__0 () [0x00000] in <00000000000000000000000000000000>:0 
  at Assets.AltUnityTester.AltUnityServer.AltSocket.SendResponse.Invoke () [0x00000] in <00000000000000000000000000000000>:0 
  at Assets.AltUnityTester.AltUnityServer.AltSocket.AltResponseQueue.Cycle () [0x00000] in <00000000000000000000000000000000>:0 
at ro.altom.altunitytester.Commands.AltBaseCommand.handleErrors(AltBaseCommand.java:150)
at ro.altom.altunitytester.Commands.AltBaseCommand.recvall(AltBaseCommand.java:75)
at ro.altom.altunitytester.Commands.UnityCommand.AltLoadScene.Execute(AltLoadScene.java:17)
at ro.altom.altunitytester.AltUnityDriver.loadScene(AltUnityDriver.java:180)
at StartPageTest.loadLevel(StartPageTest.java:32)
at sun.reflect.NativeMethodAccessorImpl.invoke0(Native Method)
at sun.reflect.NativeMethodAccessorImpl.invoke(NativeMethodAccessorImpl.java:62)
at sun.reflect.DelegatingMethodAccessorImpl.invoke(DelegatingMethodAccessorImpl.java:43)
at java.lang.reflect.Method.invoke(Method.java:498)
at org.testng.internal.MethodInvocationHelper.invokeMethod(MethodInvocationHelper.java:124)
at org.testng.internal.MethodInvocationHelper.invokeMethodConsideringTimeout(MethodInvocationHelper.java:59)
at org.testng.internal.Invoker.invokeConfigurationMethod(Invoker.java:458)
at org.testng.internal.Invoker.invokeConfigurations(Invoker.java:222)
at org.testng.internal.Invoker.invokeMethod(Invoker.java:523)
at org.testng.internal.Invoker.invokeTestMethod(Invoker.java:719)
at org.testng.internal.Invoker.invokeTestMethods(Invoker.java:989)
at org.testng.internal.TestMethodWorker.invokeTestMethods(TestMethodWorker.java:125)
at org.testng.internal.TestMethodWorker.run(TestMethodWorker.java:109)
at org.testng.TestRunner.privateRun(TestRunner.java:648)
at org.testng.TestRunner.run(TestRunner.java:505)
at org.testng.SuiteRunner.runTest(SuiteRunner.java:455)
at org.testng.SuiteRunner.access$000(SuiteRunner.java:40)
at org.testng.SuiteRunner$SuiteWorker.run(SuiteRunner.java:489)
at org.testng.internal.thread.ThreadUtil$1.call(ThreadUtil.java:52)
at java.util.concurrent.FutureTask.run(FutureTask.java:266)
at java.util.concurrent.ThreadPoolExecutor.runWorker(ThreadPoolExecutor.java:1149)
at java.util.concurrent.ThreadPoolExecutor$Worker.run(ThreadPoolExecutor.java:624)
at java.lang.Thread.run(Thread.java:748)
]]>
    </error>
  </testcase> <!-- loadLevel -->
</testsuite> <!-- StartPageTest -->
