<?xml version="1.0" encoding="UTF-8"?>
<!-- Generated by org.testng.reporters.JUnitReportReporter -->
<testsuite skipped="0" hostname="Keytorc.local" name="tests.ZulaTest" tests="5" failures="0" timestamp="2021-09-04T12:37:51 EET" time="761.535" errors="2">
  <testcase name="testMainPageLoadedCorrectly" time="7.348" classname="tests.ZulaTest"/>
  <system-out/>
  <testcase name="tearDown" time="0.020" classname="tests.ZulaTest">
    <error type="ro.altom.altunitytester.altUnityTesterExceptions.ConnectionException" message="java.net.SocketException: Connection reset">
      <![CDATA[ro.altom.altunitytester.altUnityTesterExceptions.ConnectionException: java.net.SocketException: Connection reset
at ro.altom.altunitytester.Commands.AltBaseCommand.recvall(AltBaseCommand.java:35)
at ro.altom.altunitytester.Commands.GetPNGScreenshotCommand.Execute(GetPNGScreenshotCommand.java:26)
at ro.altom.altunitytester.AltUnityDriver.getPNGScreeshot(AltUnityDriver.java:540)
at utilities.ExtentReportUtilities.testScreenshot(ExtentReportUtilities.java:16)
at utilities.BaseTest.tearDown(BaseTest.java:85)
at sun.reflect.NativeMethodAccessorImpl.invoke0(Native Method)
at sun.reflect.NativeMethodAccessorImpl.invoke(NativeMethodAccessorImpl.java:62)
at sun.reflect.DelegatingMethodAccessorImpl.invoke(DelegatingMethodAccessorImpl.java:43)
at java.lang.reflect.Method.invoke(Method.java:498)
at org.testng.internal.MethodInvocationHelper.invokeMethod(MethodInvocationHelper.java:133)
at org.testng.internal.MethodInvocationHelper.invokeMethodConsideringTimeout(MethodInvocationHelper.java:62)
at org.testng.internal.ConfigInvoker.invokeConfigurationMethod(ConfigInvoker.java:385)
at org.testng.internal.ConfigInvoker.invokeConfigurations(ConfigInvoker.java:321)
at org.testng.internal.TestInvoker.runConfigMethods(TestInvoker.java:700)
at org.testng.internal.TestInvoker.runAfterGroupsConfigurations(TestInvoker.java:676)
at org.testng.internal.TestInvoker.invokeMethod(TestInvoker.java:660)
at org.testng.internal.TestInvoker.invokeTestMethod(TestInvoker.java:173)
at org.testng.internal.MethodRunner.runInSequence(MethodRunner.java:46)
at org.testng.internal.TestInvoker$MethodInvocationAgent.invoke(TestInvoker.java:824)
at org.testng.internal.TestInvoker.invokeTestMethods(TestInvoker.java:146)
at org.testng.internal.TestMethodWorker.invokeTestMethods(TestMethodWorker.java:146)
at org.testng.internal.TestMethodWorker.run(TestMethodWorker.java:128)
at java.util.ArrayList.forEach(ArrayList.java:1257)
at org.testng.TestRunner.privateRun(TestRunner.java:794)
at org.testng.TestRunner.run(TestRunner.java:596)
at org.testng.SuiteRunner.runTest(SuiteRunner.java:377)
at org.testng.SuiteRunner.access$000(SuiteRunner.java:28)
at org.testng.SuiteRunner$SuiteWorker.run(SuiteRunner.java:418)
at org.testng.internal.thread.ThreadUtil.lambda$execute$0(ThreadUtil.java:64)
at java.util.concurrent.FutureTask.run(FutureTask.java:266)
at java.util.concurrent.ThreadPoolExecutor.runWorker(ThreadPoolExecutor.java:1149)
at java.util.concurrent.ThreadPoolExecutor$Worker.run(ThreadPoolExecutor.java:624)
at java.lang.Thread.run(Thread.java:748)
Caused by: java.net.SocketException: Connection reset
at java.net.SocketInputStream.read(SocketInputStream.java:154)
at java.net.SocketInputStream.read(SocketInputStream.java:141)
at java.io.DataInputStream.read(DataInputStream.java:100)
at ro.altom.altunitytester.Commands.AltBaseCommand.recvall(AltBaseCommand.java:33)
... 32 more
]]>
    </error>
  </testcase> <!-- tearDown -->
  <system-out/>
  <testcase name="controlOffers" time="7.836" classname="tests.ZulaTest"/>
  <system-out/>
  <testcase name="controlGoldPrices" time="6.589" classname="tests.ZulaTest"/>
  <system-out/>
  <testcase name="gamePlayTest" time="739.742" classname="tests.ZulaTest">
    <error type="ro.altom.altunitytester.altUnityTesterExceptions.WaitTimeOutException" message="Element //EventCanvas(Clone)/ScoreBoardHUDTeamView(Clone)/SafeArea/GameMode/Mode still not found after 10.0 seconds">
      <![CDATA[ro.altom.altunitytester.altUnityTesterExceptions.WaitTimeOutException: Element //EventCanvas(Clone)/ScoreBoardHUDTeamView(Clone)/SafeArea/GameMode/Mode still not found after 10.0 seconds
at ro.altom.altunitytester.Commands.FindObject.AltWaitForObject.Execute(AltWaitForObject.java:42)
at ro.altom.altunitytester.AltUnityDriver.waitForObject(AltUnityDriver.java:498)
at pages.ZulaMatchResultPage.setGameModeText(ZulaMatchResultPage.java:33)
at tests.ZulaTest.gamePlayTest(ZulaTest.java:101)
at sun.reflect.NativeMethodAccessorImpl.invoke0(Native Method)
at sun.reflect.NativeMethodAccessorImpl.invoke(NativeMethodAccessorImpl.java:62)
at sun.reflect.DelegatingMethodAccessorImpl.invoke(DelegatingMethodAccessorImpl.java:43)
at java.lang.reflect.Method.invoke(Method.java:498)
at org.testng.internal.MethodInvocationHelper.invokeMethod(MethodInvocationHelper.java:133)
at org.testng.internal.TestInvoker.invokeMethod(TestInvoker.java:598)
at org.testng.internal.TestInvoker.invokeTestMethod(TestInvoker.java:173)
at org.testng.internal.MethodRunner.runInSequence(MethodRunner.java:46)
at org.testng.internal.TestInvoker$MethodInvocationAgent.invoke(TestInvoker.java:824)
at org.testng.internal.TestInvoker.invokeTestMethods(TestInvoker.java:146)
at org.testng.internal.TestMethodWorker.invokeTestMethods(TestMethodWorker.java:146)
at org.testng.internal.TestMethodWorker.run(TestMethodWorker.java:128)
at java.util.ArrayList.forEach(ArrayList.java:1257)
at org.testng.TestRunner.privateRun(TestRunner.java:794)
at org.testng.TestRunner.run(TestRunner.java:596)
at org.testng.SuiteRunner.runTest(SuiteRunner.java:377)
at org.testng.SuiteRunner.access$000(SuiteRunner.java:28)
at org.testng.SuiteRunner$SuiteWorker.run(SuiteRunner.java:418)
at org.testng.internal.thread.ThreadUtil.lambda$execute$0(ThreadUtil.java:64)
at java.util.concurrent.FutureTask.run(FutureTask.java:266)
at java.util.concurrent.ThreadPoolExecutor.runWorker(ThreadPoolExecutor.java:1149)
at java.util.concurrent.ThreadPoolExecutor$Worker.run(ThreadPoolExecutor.java:624)
at java.lang.Thread.run(Thread.java:748)
]]>
    </error>
  </testcase> <!-- gamePlayTest -->
  <system-out/>
</testsuite> <!-- tests.ZulaTest -->
