<?xml version="1.0" encoding="UTF-8"?>
<!-- Generated by org.testng.reporters.JUnitReportReporter -->
<testsuite skipped="1" hostname="DESKTOP-MCLVAPU" name="GamePlayTest" tests="2" failures="0" timestamp="30 Aug 2021 23:21:04 GMT" time="10.730" errors="1">
  <testcase name="testGamePlayDisplayedCorrectly" time="0.001" classname="GamePlayTest">
    <skipped/>
  </testcase> <!-- testGamePlayDisplayedCorrectly -->
  <testcase name="loadLevel" time="10.729" classname="GamePlayTest">
    <error type="ro.altom.altunitytester.altUnityTesterExceptions.WaitTimeOutException" message="Element //UICamera/Loadout/CharZone/CharName still not found after 10.0 seconds">
      <![CDATA[ro.altom.altunitytester.altUnityTesterExceptions.WaitTimeOutException: Element //UICamera/Loadout/CharZone/CharName still not found after 10.0 seconds
at ro.altom.altunitytester.Commands.FindObject.AltWaitForObject.Execute(AltWaitForObject.java:42)
at ro.altom.altunitytester.AltUnityDriver.waitForObject(AltUnityDriver.java:498)
at pages.MainMenuPage.setCharacterName(MainMenuPage.java:56)
at GamePlayTest.loadLevel(GamePlayTest.java:31)
at sun.reflect.NativeMethodAccessorImpl.invoke0(Native Method)
at sun.reflect.NativeMethodAccessorImpl.invoke(NativeMethodAccessorImpl.java:62)
at sun.reflect.DelegatingMethodAccessorImpl.invoke(DelegatingMethodAccessorImpl.java:43)
at java.lang.reflect.Method.invoke(Method.java:498)
at org.testng.internal.MethodInvocationHelper.invokeMethod(MethodInvocationHelper.java:124)
at org.testng.internal.MethodInvocationHelper.invokeMethodConsideringTimeout(MethodInvocationHelper.java:59)
at org.testng.internal.Invoker.invokeConfigurationMethod(Invoker.java:458)
at org.testng.internal.Invoker.invokeConfigurations(Invoker.java:222)
at org.testng.internal.Invoker.invokeMethod(Invoker.java:523)
at org.testng.internal.Invoker.invokeTestMethod(Invoker.java:719)
at org.testng.internal.Invoker.invokeTestMethods(Invoker.java:989)
at org.testng.internal.TestMethodWorker.invokeTestMethods(TestMethodWorker.java:125)
at org.testng.internal.TestMethodWorker.run(TestMethodWorker.java:109)
at org.testng.TestRunner.privateRun(TestRunner.java:648)
at org.testng.TestRunner.run(TestRunner.java:505)
at org.testng.SuiteRunner.runTest(SuiteRunner.java:455)
at org.testng.SuiteRunner.access$000(SuiteRunner.java:40)
at org.testng.SuiteRunner$SuiteWorker.run(SuiteRunner.java:489)
at org.testng.internal.thread.ThreadUtil$1.call(ThreadUtil.java:52)
at java.util.concurrent.FutureTask.run(FutureTask.java:266)
at java.util.concurrent.ThreadPoolExecutor.runWorker(ThreadPoolExecutor.java:1149)
at java.util.concurrent.ThreadPoolExecutor$Worker.run(ThreadPoolExecutor.java:624)
at java.lang.Thread.run(Thread.java:748)
]]>
    </error>
  </testcase> <!-- loadLevel -->
</testsuite> <!-- GamePlayTest -->
